0 info it worked if it ends with ok
1 verbose cli [ 'C:\\Program Files\\nodejs\\node.exe',
1 verbose cli   'C:\\Program Files\\nodejs\\node_modules\\npm\\bin\\npm-cli.js',
1 verbose cli   'run',
1 verbose cli   'test' ]
2 info using npm@3.10.8
3 info using node@v7.0.0
4 verbose run-script [ 'pretest', 'test', 'posttest' ]
5 info lifecycle react-readux-saga-starter@0.0.0~pretest: react-readux-saga-starter@0.0.0
6 silly lifecycle react-readux-saga-starter@0.0.0~pretest: no script for pretest, continuing
7 info lifecycle react-readux-saga-starter@0.0.0~test: react-readux-saga-starter@0.0.0
8 verbose lifecycle react-readux-saga-starter@0.0.0~test: unsafe-perm in lifecycle true
9 verbose lifecycle react-readux-saga-starter@0.0.0~test: PATH: C:\Program Files\nodejs\node_modules\npm\bin\node-gyp-bin;G:\Projekty\react-redux-saga-starter\node_modules\.bin;C:\Users\seba\bin;C:\Program Files\Git\mingw64\bin;C:\Program Files\Git\usr\local\bin;C:\Program Files\Git\usr\bin;C:\Program Files\Git\usr\bin;C:\Program Files\Git\mingw64\bin;C:\Program Files\Git\usr\bin;C:\Users\seba\bin;C:\Program Files (x86)\NVIDIA Corporation\PhysX\Common;C:\ProgramData\Oracle\Java\javapath;C:\Windows\system32;C:\Windows;C:\Windows\System32\Wbem;C:\Windows\System32\WindowsPowerShell\v1.0;C:\Program Files\Git\cmd;C:\Ruby22-x64\bin;C:\ProgramData\chocolatey\bin;C:\Program Files\nodejs;C:\tools\python2;C:\Program Files (x86)\Yarn\bin;C:\Ruby22-x64\bin;C:\Users\seba\AppData\Local\Microsoft\WindowsApps;C:\Users\seba\AppData\Roaming\npm;G:\Programy\android\platform-tools;C:\Users\seba\AppData\Local\Yarn\.bin;C:\Program Files\Git\usr\bin\vendor_perl;C:\Program Files\Git\usr\bin\core_perl
10 verbose lifecycle react-readux-saga-starter@0.0.0~test: CWD: G:\Projekty\react-redux-saga-starter
11 silly lifecycle react-readux-saga-starter@0.0.0~test: Args: [ '/d /s /c',
11 silly lifecycle   'mocha --require ./testSetup.js --compilers js:babel-core/register "src/**/*@(.test.js|.test.jsx)"' ]
12 silly lifecycle react-readux-saga-starter@0.0.0~test: Returned: code: 1  signal: null
13 info lifecycle react-readux-saga-starter@0.0.0~test: Failed to exec test script
14 verbose stack Error: react-readux-saga-starter@0.0.0 test: `mocha --require ./testSetup.js --compilers js:babel-core/register "src/**/*@(.test.js|.test.jsx)"`
14 verbose stack Exit status 1
14 verbose stack     at EventEmitter.<anonymous> (C:\Program Files\nodejs\node_modules\npm\lib\utils\lifecycle.js:255:16)
14 verbose stack     at emitTwo (events.js:106:13)
14 verbose stack     at EventEmitter.emit (events.js:191:7)
14 verbose stack     at ChildProcess.<anonymous> (C:\Program Files\nodejs\node_modules\npm\lib\utils\spawn.js:40:14)
14 verbose stack     at emitTwo (events.js:106:13)
14 verbose stack     at ChildProcess.emit (events.js:191:7)
14 verbose stack     at maybeClose (internal/child_process.js:877:16)
14 verbose stack     at Process.ChildProcess._handle.onexit (internal/child_process.js:226:5)
15 verbose pkgid react-readux-saga-starter@0.0.0
16 verbose cwd G:\Projekty\react-redux-saga-starter
17 error Windows_NT 10.0.14393
18 error argv "C:\\Program Files\\nodejs\\node.exe" "C:\\Program Files\\nodejs\\node_modules\\npm\\bin\\npm-cli.js" "run" "test"
19 error node v7.0.0
20 error npm  v3.10.8
21 error code ELIFECYCLE
22 error react-readux-saga-starter@0.0.0 test: `mocha --require ./testSetup.js --compilers js:babel-core/register "src/**/*@(.test.js|.test.jsx)"`
22 error Exit status 1
23 error Failed at the react-readux-saga-starter@0.0.0 test script 'mocha --require ./testSetup.js --compilers js:babel-core/register "src/**/*@(.test.js|.test.jsx)"'.
23 error Make sure you have the latest version of node.js and npm installed.
23 error If you do, this is most likely a problem with the react-readux-saga-starter package,
23 error not with npm itself.
23 error Tell the author that this fails on your system:
23 error     mocha --require ./testSetup.js --compilers js:babel-core/register "src/**/*@(.test.js|.test.jsx)"
23 error You can get information on how to open an issue for this project with:
23 error     npm bugs react-readux-saga-starter
23 error Or if that isn't available, you can get their info via:
23 error     npm owner ls react-readux-saga-starter
23 error There is likely additional logging output above.
24 verbose exit [ 1, true ]
